<?xml version="1.0" encoding="UTF-8"?>
<!-- Generated by org.testng.reporters.JUnitXMLReporter -->
<testsuite hostname="Rohit_Rathor" ignored="0" name="Test" tests="4" failures="0" timestamp="06 Apr 2022 17:32:21 GMT" time="0.036" errors="0">
  <testcase name="BrowserAUtomation" time="0.005" classname="qaclickacademy.SeleniumTest"/>
  <testcase name="elementsUi" time="0.0" classname="qaclickacademy.SeleniumTest"/>
  <testcase name="deleteTwitter" time="0.0" classname="qaclickacademy.RESTAPITest"/>
  <testcase name="postJira" time="0.001" classname="qaclickacademy.RESTAPITest"/>
</testsuite> <!-- Test -->
